0 info it worked if it ends with ok
1 verbose cli [ '/Users/derek/.nvm/v0.10.24/bin/node',
1 verbose cli   '/Users/derek/.nvm/v0.10.24/bin/npm',
1 verbose cli   'install',
1 verbose cli   'grunt-bowercopy',
1 verbose cli   '-S' ]
2 info using npm@1.3.21
3 info using node@v0.10.24
4 error Error: Invalid version: "1.0"
4 error     at Object.module.exports.fixVersionField (/Users/derek/.nvm/v0.10.24/lib/node_modules/npm/node_modules/read-package-json/node_modules/normalize-package-data/lib/fixer.js:180:13)
4 error     at /Users/derek/.nvm/v0.10.24/lib/node_modules/npm/node_modules/read-package-json/node_modules/normalize-package-data/lib/normalize.js:29:38
4 error     at Array.forEach (native)
4 error     at normalize (/Users/derek/.nvm/v0.10.24/lib/node_modules/npm/node_modules/read-package-json/node_modules/normalize-package-data/lib/normalize.js:28:15)
4 error     at final (/Users/derek/.nvm/v0.10.24/lib/node_modules/npm/node_modules/read-package-json/read-json.js:310:33)
4 error     at then (/Users/derek/.nvm/v0.10.24/lib/node_modules/npm/node_modules/read-package-json/read-json.js:124:33)
4 error     at /Users/derek/.nvm/v0.10.24/lib/node_modules/npm/node_modules/read-package-json/read-json.js:234:40
4 error     at fs.js:266:14
4 error     at /Users/derek/.nvm/v0.10.24/lib/node_modules/npm/node_modules/graceful-fs/graceful-fs.js:103:5
4 error     at Object.oncomplete (fs.js:107:15)
5 error If you need help, you may report this *entire* log,
5 error including the npm and node versions, at:
5 error     <http://github.com/isaacs/npm/issues>
6 error System Darwin 14.0.0
7 error command "/Users/derek/.nvm/v0.10.24/bin/node" "/Users/derek/.nvm/v0.10.24/bin/npm" "install" "grunt-bowercopy" "-S"
8 error cwd /Users/derek/Projects/Personal/MountainHacks/MountainHacks-FrontEnd
9 error node -v v0.10.24
10 error npm -v 1.3.21
11 verbose exit [ 1, true ]
